#
# A fatal error has been detected by the Java Runtime Environment:
#
#  EXCEPTION_ACCESS_VIOLATION (0xc0000005) at pc=0x00007ff8ebaec8e8, pid=65524, tid=62172
#
# JRE version: OpenJDK Runtime Environment Temurin-17.0.5+8 (17.0.5+8) (build 17.0.5+8)
# Java VM: OpenJDK 64-Bit Server VM Temurin-17.0.5+8 (17.0.5+8, mixed mode, tiered, compressed oops, compressed class ptrs, parallel gc, windows-amd64)
# Problematic frame:
# V  [jvm.dll+0xc8e8]
#
# No core dump will be written. Minidumps are not enabled by default on client versions of Windows
#
# If you would like to submit a bug report, please visit:
#   https://github.com/adoptium/adoptium-support/issues
#

---------------  S U M M A R Y ------------

Command Line: --add-modules=ALL-SYSTEM --add-opens=java.base/java.util=ALL-UNNAMED --add-opens=java.base/java.lang=ALL-UNNAMED --add-opens=java.base/sun.nio.fs=ALL-UNNAMED -Declipse.application=org.eclipse.jdt.ls.core.id1 -Dosgi.bundles.defaultStartLevel=4 -Declipse.product=org.eclipse.jdt.ls.core.product -Djava.import.generatesMetadataFilesAtProjectRoot=false -Dfile.encoding=utf8 -XX:+UseParallelGC -XX:GCTimeRatio=4 -XX:AdaptiveSizePolicyWeight=90 -Dsun.zip.disableMemoryMapping=true -Xmx1G -Xms100m -Xlog:disable -javaagent:c:\Users\RahulAnup\.vscode\extensions\redhat.java-1.13.0-win32-x64\lombok\lombok-1.18.24.jar -XX:+HeapDumpOnOutOfMemoryError -XX:HeapDumpPath=c:\Users\RahulAnup\AppData\Roaming\Code\User\workspaceStorage\482e8f2225675007849b6e7c03217328\redhat.java c:\Users\RahulAnup\.vscode\extensions\redhat.java-1.13.0-win32-x64\server\plugins\org.eclipse.equinox.launcher_1.6.400.v20210924-0641.jar -configuration c:\Users\RahulAnup\AppData\Roaming\Code\User\globalStorage\redhat.java\1.13.0\config_win -data c:\Users\RahulAnup\AppData\Roaming\Code\User\workspaceStorage\482e8f2225675007849b6e7c03217328\redhat.java\jdt_ws

Host: AMD Ryzen 5 5500U with Radeon Graphics         , 12 cores, 7G,  Windows 11 , 64 bit Build 22000 (10.0.22000.1219)
Time: Mon Dec  5 17:44:24 2022 India Standard Time elapsed time: 28662.721645 seconds (0d 7h 57m 42s)

---------------  T H R E A D  ---------------

Current thread (0x000002225cae49b0):  GCTaskThread "GC Thread#8" [stack: 0x000000eddca00000,0x000000eddcb00000] [id=62172]

Stack: [0x000000eddca00000,0x000000eddcb00000],  sp=0x000000eddcaff9f8,  free space=1022k
Native frames: (J=compiled Java code, j=interpreted, Vv=VM code, C=native code)
V  [jvm.dll+0xc8e8]


siginfo: EXCEPTION_ACCESS_VIOLATION (0xc0000005), reading address 0x000000023a720a70


Register to memory mapping:

RIP=0x00007ff8ebaec8e8 jvm.dll
RAX=0x0000000000000001 is an unknown value
RBX=
[error occurred during error reporting (printing register info), id 0xc0000005, EXCEPTION_ACCESS_VIOLATION (0xc0000005) at pc=0x00007ff8ec163126]

Registers:
RAX=0x0000000000000001, RBX=0x00000000c37074b8, RCX=0x0000000000000003, RDX=0x00000000c37074b8
RSP=0x000000eddcaff9f8, RBP=0x000000eddcaffb00, RSI=0x00000000c370727c, RDI=0x0000022258305240
R8 =0x000000023a720a68, R9 =0x000000000001b83a, R10=0x00000000c37073b0, R11=0x000000000000006e
R12=0x0000000000000000, R13=0x0000000000000010, R14=0x00000001003d74c0, R15=0x00000000c3707250
RIP=0x00007ff8ebaec8e8, EFLAGS=0x0000000000010202

Top of Stack: (sp=0x000000eddcaff9f8)
0x000000eddcaff9f8:   00007ff8ec189d72 00000000c37073b0
0x000000eddcaffa08:   0000000000000006 000000eddcaffb00
0x000000eddcaffa18:   00007ff8ec188bb9 0000022258305240
0x000000eddcaffa28:   00007ff8ec187652 00000000c37074b8
0x000000eddcaffa38:   00007ff8ec18942e 00000000c56db6c8
0x000000eddcaffa48:   00007ff8ec1888ff 00000001003d74b8
0x000000eddcaffa58:   00007ff8ec187ece 00000000c3707274
0x000000eddcaffa68:   00007ff8ec18942e 00000000c3707328
0x000000eddcaffa78:   00000000c3707324 00007ff8ec5f0730
0x000000eddcaffa88:   00007ff8ec3f7850 000000000001a6b9
0x000000eddcaffa98:   00007ff8ec189769 00007ff8ec48c358
0x000000eddcaffaa8:   0000022258305240 000000eddcaffb09
0x000000eddcaffab8:   000000000001a6bb 000003c5000004d3
0x000000eddcaffac8:   00007ff8ec189d9d 00000000c346c310
0x000000eddcaffad8:   0000000000000006 00001d3e00000003
0x000000eddcaffae8:   0000022258305240 0000022258305240 

Instructions: (pc=0x00007ff8ebaec8e8)
0x00007ff8ebaec7e8:   48 83 c4 20 5e c3 cc cc 48 8b 01 c3 cc cc cc cc
0x00007ff8ebaec7f8:   cc cc cc cc cc cc cc cc 4c 8b 01 4c 8b c9 48 8b
0x00007ff8ebaec808:   0d 83 a3 b4 00 ba 44 60 08 00 e9 59 f2 ff ff cc
0x00007ff8ebaec818:   cc cc cc cc cc cc cc cc 48 89 5c 24 08 57 48 83
0x00007ff8ebaec828:   ec 20 48 8b 39 48 8b d9 48 85 3d 31 81 b9 00 75
0x00007ff8ebaec838:   0e 48 8b c7 48 8b 5c 24 30 48 83 c4 20 5f c3 48
0x00007ff8ebaec848:   8b cf e8 b1 5a 85 00 48 8b d0 48 85 c0 74 20 48
0x00007ff8ebaec858:   8b c7 f0 48 0f b1 13 74 16 48 85 05 00 81 b9 00
0x00007ff8ebaec868:   74 0d 48 8b c8 f0 48 0f b1 13 48 3b c1 75 ea 48
0x00007ff8ebaec878:   8b 5c 24 30 48 8b c2 48 83 c4 20 5f c3 cc cc cc
0x00007ff8ebaec888:   cc cc cc cc cc cc cc cc 4c 8b 01 4c 8b c9 48 8b
0x00007ff8ebaec898:   0d f3 a2 b4 00 ba 64 60 08 00 e9 c9 f1 ff ff cc
0x00007ff8ebaec8a8:   cc cc cc cc cc cc cc cc 8b 05 32 ea ae 00 c3 cc
0x00007ff8ebaec8b8:   cc cc cc cc cc cc cc cc 0f b6 05 38 ab b5 00 48
0x00007ff8ebaec8c8:   8b d1 84 c0 74 16 44 8b 41 08 8b 0d 10 ea ae 00
0x00007ff8ebaec8d8:   49 d3 e0 4c 03 05 fe e9 ae 00 eb 04 4c 8b 41 08
0x00007ff8ebaec8e8:   45 8b 50 08 45 85 d2 7e 0e 41 f6 c2 01 75 53 41
0x00007ff8ebaec8f8:   c1 fa 03 41 8b c2 c3 79 49 84 c0 b9 10 00 00 00
0x00007ff8ebaec908:   8b 05 16 f9 ae 00 41 b8 0c 00 00 00 41 0f 45 c8
0x00007ff8ebaec918:   ff c8 4c 63 c8 48 63 14 11 41 8b ca 83 e1 3f 48
0x00007ff8ebaec928:   d3 e2 41 8b ca 48 c1 f9 10 0f b6 c1 49 8d 0c 11
0x00007ff8ebaec938:   49 f7 d1 48 03 c1 49 c1 e9 03 48 c1 e8 03 41 23
0x00007ff8ebaec948:   c1 c3 49 8b 00 49 8b c8 48 ff a0 00 01 00 00 cc
0x00007ff8ebaec958:   cc cc cc cc cc cc cc cc 8b 44 24 30 45 03 c9 44
0x00007ff8ebaec968:   2b 4c 24 28 83 c0 0b 44 03 ca 45 03 c8 41 03 c1
0x00007ff8ebaec978:   c3 cc cc cc cc cc cc cc 4c 8b ca 48 8b d1 45 8b
0x00007ff8ebaec988:   41 08 45 85 c0 7e 0e 41 f6 c0 01 75 56 41 c1 f8
0x00007ff8ebaec998:   03 41 8b c0 c3 79 4c 80 3d 59 aa b5 00 00 b8 0c
0x00007ff8ebaec9a8:   00 00 00 b9 10 00 00 00 0f 45 c8 8b 05 6b f8 ae
0x00007ff8ebaec9b8:   00 ff c8 4c 63 c8 48 63 14 11 41 8b c8 83 e1 3f
0x00007ff8ebaec9c8:   48 d3 e2 41 8b c8 48 c1 f9 10 0f b6 c1 49 8d 0c
0x00007ff8ebaec9d8:   11 49 f7 d1 48 03 c1 49 c1 e9 03 48 c1 e8 03 41 


Stack slot to memory mapping:
stack at sp + 0 slots: 0x00007ff8ec189d72 jvm.dll
stack at sp + 1 slots: 0x00000000c37073b0 is an oop: com.google.gson.internal.LinkedTreeMap$Node 
{0x00000000c37073b0} - klass: 'com/google/gson/internal/LinkedTreeMap$Node'
 - ---- fields (total size 6 words):
 - 'height' 'I' @12  1
 - 'parent' 'Lcom/google/gson/internal/LinkedTreeMap$Node;' @16  a 'com/google/gson/internal/LinkedTreeMap$Node'{0x00000000c3707250} (c3707250)
 - 'left' 'Lcom/google/gson/internal/LinkedTreeMap$Node;' @20  NULL (0)
 - 'right' 'Lcom/google/gson/internal/LinkedTreeMap$Node;' @24  NULL (0)
 - 'next' 'Lcom/google/gson/internal/LinkedTreeMap$Node;' @28  a 'com/google/gson/internal/LinkedTreeMap$Node'{0x00000000c3706898} (c3706898)
 - 'prev' 'Lcom/google/gson/internal/LinkedTreeMap$Node;' @32  a 'com/google/gson/internal/LinkedTreeMap$Node'{0x00000000c3707250} (c3707250)
 - final 'key' 'Ljava/lang/Object;' @36  "disableBinaryFetching()~disableCustomObjectDeserialization()"{0x00000000c37073e0} (c37073e0)
 - 'value' 'Ljava/lang/Object;' @40  a 'java/lang/String'[][1] {0x00000000c3707448} (c3707448)
stack at sp + 2 slots: 0x0000000000000006 is an unknown value
stack at sp + 3 slots: 0x000000eddcaffb00 points into unknown readable memory: 0x00007ff8ec48c358 | 58 c3 48 ec f8 7f 00 00
stack at sp + 4 slots: 0x00007ff8ec188bb9 jvm.dll
stack at sp + 5 slots: 0x0000022258305240 points into unknown readable memory: 0x0000022242220150 | 50 01 22 42 22 02 00 00
stack at sp + 6 slots: 0x00007ff8ec187652 jvm.dll
stack at sp + 7 slots: 
[error occurred during error reporting (inspecting top of stack), id 0xc0000005, EXCEPTION_ACCESS_VIOLATION (0xc0000005) at pc=0x00007ff8ec163126]


---------------  P R O C E S S  ---------------

Threads class SMR info:
_java_thread_list=0x0000022260bb7b10, length=34, elements={
0x00000222444ddca0, 0x0000022258364390, 0x0000022258367820, 0x000002225836b4e0,
0x000002225836bfa0, 0x0000022259ec98e0, 0x0000022259eca1a0, 0x0000022259ed3cb0,
0x0000022259ed5780, 0x0000022259ed6820, 0x000002225a014360, 0x000002225b490000,
0x000002225cc296a0, 0x000002225b626af0, 0x000002225b626620, 0x000002225b627e30,
0x000002225b6287d0, 0x000002225cf2fbf0, 0x000002225cf33f50, 0x000002225cf2df10,
0x000002225cf31da0, 0x000002225cf300c0, 0x000002225cf34420, 0x000002225ef522c0,
0x000002225ef52790, 0x000002225ef52c60, 0x000002225ef53130, 0x0000022260956f40,
0x0000022260956a70, 0x0000022260957db0, 0x0000022260959f60, 0x0000022260953a50,
0x0000022260955260, 0x0000022260954d90
}

Java Threads: ( => current thread )
  0x00000222444ddca0 JavaThread "main" [_thread_blocked, id=53780, stack(0x000000eddaa00000,0x000000eddab00000)]
  0x0000022258364390 JavaThread "Reference Handler" daemon [_thread_blocked, id=43632, stack(0x000000eddad00000,0x000000eddae00000)]
  0x0000022258367820 JavaThread "Finalizer" daemon [_thread_blocked, id=58336, stack(0x000000eddae00000,0x000000eddaf00000)]
  0x000002225836b4e0 JavaThread "Signal Dispatcher" daemon [_thread_blocked, id=65320, stack(0x000000eddaf00000,0x000000eddb000000)]
  0x000002225836bfa0 JavaThread "Attach Listener" daemon [_thread_blocked, id=56040, stack(0x000000eddb000000,0x000000eddb100000)]
  0x0000022259ec98e0 JavaThread "Service Thread" daemon [_thread_blocked, id=21200, stack(0x000000eddb100000,0x000000eddb200000)]
  0x0000022259eca1a0 JavaThread "Monitor Deflation Thread" daemon [_thread_blocked, id=55472, stack(0x000000eddb200000,0x000000eddb300000)]
  0x0000022259ed3cb0 JavaThread "C2 CompilerThread0" daemon [_thread_blocked, id=55208, stack(0x000000eddb300000,0x000000eddb400000)]
  0x0000022259ed5780 JavaThread "C1 CompilerThread0" daemon [_thread_blocked, id=54620, stack(0x000000eddb400000,0x000000eddb500000)]
  0x0000022259ed6820 JavaThread "Sweeper thread" daemon [_thread_blocked, id=56296, stack(0x000000eddb500000,0x000000eddb600000)]
  0x000002225a014360 JavaThread "Common-Cleaner" daemon [_thread_blocked, id=60972, stack(0x000000eddb600000,0x000000eddb700000)]
  0x000002225b490000 JavaThread "Notification Thread" daemon [_thread_blocked, id=65628, stack(0x000000eddb800000,0x000000eddb900000)]
  0x000002225cc296a0 JavaThread "Active Thread: Equinox Container: 12e0d940-f1f8-4274-8991-513ddcc7aca7" [_thread_blocked, id=31188, stack(0x000000eddc700000,0x000000eddc800000)]
  0x000002225b626af0 JavaThread "Framework Event Dispatcher: Equinox Container: 12e0d940-f1f8-4274-8991-513ddcc7aca7" daemon [_thread_blocked, id=51340, stack(0x000000eddb700000,0x000000eddb800000)]
  0x000002225b626620 JavaThread "Start Level: Equinox Container: 12e0d940-f1f8-4274-8991-513ddcc7aca7" daemon [_thread_blocked, id=54352, stack(0x000000eddba00000,0x000000eddbb00000)]
  0x000002225b627e30 JavaThread "Refresh Thread: Equinox Container: 12e0d940-f1f8-4274-8991-513ddcc7aca7" daemon [_thread_blocked, id=54068, stack(0x000000eddcb00000,0x000000eddcc00000)]
  0x000002225b6287d0 JavaThread "SCR Component Actor" daemon [_thread_blocked, id=29640, stack(0x000000eddd300000,0x000000eddd400000)]
  0x000002225cf2fbf0 JavaThread "Worker-JM" [_thread_blocked, id=45848, stack(0x000000eddd400000,0x000000eddd500000)]
  0x000002225cf33f50 JavaThread "Bundle File Closer" daemon [_thread_blocked, id=39604, stack(0x000000eddd700000,0x000000eddd800000)]
  0x000002225cf2df10 JavaThread "Java indexing" daemon [_thread_blocked, id=60348, stack(0x000000edddb00000,0x000000edddc00000)]
  0x000002225cf31da0 JavaThread "JNA Cleaner" daemon [_thread_blocked, id=54624, stack(0x000000edddc00000,0x000000edddd00000)]
  0x000002225cf300c0 JavaThread "pool-2-thread-1" [_thread_blocked, id=19892, stack(0x000000edddd00000,0x000000eddde00000)]
  0x000002225cf34420 JavaThread "pool-1-thread-1" [_thread_in_native, id=13632, stack(0x000000eddde00000,0x000000edddf00000)]
  0x000002225ef522c0 JavaThread "Java Debug Server" daemon [_thread_in_native, id=64184, stack(0x000000eddc500000,0x000000eddc600000)]
  0x000002225ef52790 JavaThread "RxSchedulerPurge-1" daemon [_thread_blocked, id=33828, stack(0x000000eddcc00000,0x000000eddcd00000)]
  0x000002225ef52c60 JavaThread "RxCachedWorkerPoolEvictor-1" daemon [_thread_blocked, id=57028, stack(0x000000eddcd00000,0x000000eddce00000)]
  0x000002225ef53130 JavaThread "Worker-20" [_thread_blocked, id=53512, stack(0x000000edda900000,0x000000eddaa00000)]
  0x0000022260956f40 JavaThread "Worker-22" [_thread_blocked, id=20456, stack(0x000000eddd600000,0x000000eddd700000)]
  0x0000022260956a70 JavaThread "ForkJoinPool.commonPool-worker-46" daemon [_thread_blocked, id=55928, stack(0x000000edda700000,0x000000edda800000)]
  0x0000022260957db0 JavaThread "ForkJoinPool.commonPool-worker-47" daemon [_thread_blocked, id=57292, stack(0x000000edda800000,0x000000edda900000)]
  0x0000022260959f60 JavaThread "ForkJoinPool.commonPool-worker-48" daemon [_thread_blocked, id=69836, stack(0x000000eddc100000,0x000000eddc200000)]
  0x0000022260953a50 JavaThread "ForkJoinPool.commonPool-worker-49" daemon [_thread_blocked, id=49884, stack(0x000000eddc200000,0x000000eddc300000)]
  0x0000022260955260 JavaThread "ForkJoinPool.commonPool-worker-50" daemon [_thread_blocked, id=51172, stack(0x000000eddc300000,0x000000eddc400000)]
  0x0000022260954d90 JavaThread "ForkJoinPool.commonPool-worker-51" daemon [_thread_blocked, id=69164, stack(0x000000eddc400000,0x000000eddc500000)]

Other Threads:
  0x0000022259ea2170 VMThread "VM Thread" [stack: 0x000000eddac00000,0x000000eddad00000] [id=56556]
  0x000002225a23d120 WatcherThread [stack: 0x000000eddb900000,0x000000eddba00000] [id=66068]
  0x00000222444f5fa0 GCTaskThread "GC Thread#0" [stack: 0x000000eddab00000,0x000000eddac00000] [id=60760]
  0x000002225b7306d0 GCTaskThread "GC Thread#1" [stack: 0x000000eddbb00000,0x000000eddbc00000] [id=15660]
  0x000002225bbfc3f0 GCTaskThread "GC Thread#2" [stack: 0x000000eddbc00000,0x000000eddbd00000] [id=44760]
  0x000002225b6f11c0 GCTaskThread "GC Thread#3" [stack: 0x000000eddbd00000,0x000000eddbe00000] [id=31172]
  0x000002225b6f1470 GCTaskThread "GC Thread#4" [stack: 0x000000eddbe00000,0x000000eddbf00000] [id=66180]
  0x000002225b6f1720 GCTaskThread "GC Thread#5" [stack: 0x000000eddbf00000,0x000000eddc000000] [id=65656]
  0x000002225b6f19d0 GCTaskThread "GC Thread#6" [stack: 0x000000eddc000000,0x000000eddc100000] [id=65944]
  0x000002225cae4700 GCTaskThread "GC Thread#7" [stack: 0x000000eddc900000,0x000000eddca00000] [id=61520]
=>0x000002225cae49b0 GCTaskThread "GC Thread#8" [stack: 0x000000eddca00000,0x000000eddcb00000] [id=62172]
  0x000002225d099be0 GCTaskThread "GC Thread#9" [stack: 0x000000eddd200000,0x000000eddd300000] [id=42460]

Threads with active compile tasks:

VM state: at safepoint (normal execution)

VM Mutex/Monitor currently owned by a thread:  ([mutex/lock_event])
[0x00000222444da990] Threads_lock - owner thread: 0x0000022259ea2170
[0x00000222444d9e50] Heap_lock - owner thread: 0x0000022260956a70

Heap address: 0x00000000c0000000, size: 1024 MB, Compressed Oops mode: 32-bit

CDS archive(s) not mapped
Compressed class space mapped at: 0x0000000100000000-0x0000000140000000, reserved size: 1073741824
Narrow klass base: 0x0000000000000000, Narrow klass shift: 3, Narrow klass range: 0x140000000

GC Precious Log:
 CPUs: 12 total, 12 available
 Memory: 7514M
 Large Page Support: Disabled
 NUMA Support: Disabled
 Compressed Oops: Enabled (32-bit)
 Alignments: Space 512K, Generation 512K, Heap 2M
 Heap Min Capacity: 100M
 Heap Initial Capacity: 100M
 Heap Max Capacity: 1G
 Pre-touch: Disabled
 Parallel Workers: 10

Heap:
 PSYoungGen      total 7680K, used 2976K [0x00000000eab00000, 0x00000000eb900000, 0x0000000100000000)
  eden space 4608K, 0% used [0x00000000eab00000,0x00000000eab00000,0x00000000eaf80000)
  from space 3072K, 96% used [0x00000000eb600000,0x00000000eb8e8010,0x00000000eb900000)
  to   space 4096K, 0% used [0x00000000eb100000,0x00000000eb100000,0x00000000eb500000)
 ParOldGen       total 126464K, used 125431K [0x00000000c0000000, 0x00000000c7b80000, 0x00000000eab00000)
  object space 126464K, 99% used [0x00000000c0000000,0x00000000c7a7dc20,0x00000000c7b80000)
 Metaspace       used 88749K, committed 89792K, reserved 1130496K
  class space    used 8674K, committed 9152K, reserved 1048576K

Card table byte_map: [0x0000022243e90000,0x00000222440a0000] _byte_map_base: 0x0000022243890000

Marking Bits: (ParMarkBitMap*) 0x00007ff8ec660dd0
 Begin Bits: [0x0000022256170000, 0x0000022257170000)
 End Bits:   [0x0000022257170000, 0x0000022258170000)

Polling page: 0x00000222421f0000

Metaspace:

Usage:
  Non-class:     78.20 MB used.
      Class:      8.47 MB used.
       Both:     86.67 MB used.

Virtual space:
  Non-class space:       80.00 MB reserved,      78.75 MB ( 98%) committed,  10 nodes.
      Class space:        1.00 GB reserved,       8.94 MB ( <1%) committed,  1 nodes.
             Both:        1.08 GB reserved,      87.69 MB (  8%) committed. 

Chunk freelists:
   Non-Class:  965.00 KB
       Class:  3.04 MB
        Both:  3.98 MB

MaxMetaspaceSize: unlimited
CompressedClassSpaceSize: 1.00 GB
Initial GC threshold: 21.00 MB
Current GC threshold: 146.06 MB
CDS: off
MetaspaceReclaimPolicy: balanced
 - commit_granule_bytes: 65536.
 - commit_granule_words: 8192.
 - virtual_space_node_default_size: 1048576.
 - enlarge_chunks_in_place: 1.
 - new_chunks_are_fully_committed: 0.
 - uncommit_free_chunks: 1.
 - use_allocation_guard: 0.
 - handle_deallocations: 1.


Internal statistics:

num_allocs_failed_limit: 9.
num_arena_births: 690.
num_arena_deaths: 150.
num_vsnodes_births: 11.
num_vsnodes_deaths: 0.
num_space_committed: 1403.
num_space_uncommitted: 0.
num_chunks_returned_to_freelist: 192.
num_chunks_taken_from_freelist: 4263.
num_chunk_merges: 61.
num_chunk_splits: 2658.
num_chunks_enlarged: 1640.
num_purges: 18.
num_inconsistent_stats: 0.

CodeHeap 'non-profiled nmethods': size=120000Kb used=26104Kb max_used=26104Kb free=93895Kb
 bounds [0x000002224ec40000, 0x00000222505c0000, 0x0000022256170000]
CodeHeap 'profiled nmethods': size=120000Kb used=34748Kb max_used=35142Kb free=85251Kb
 bounds [0x0000022247710000, 0x0000022249970000, 0x000002224ec40000]
CodeHeap 'non-nmethods': size=5760Kb used=1444Kb max_used=1528Kb free=4315Kb
 bounds [0x0000022247170000, 0x00000222473e0000, 0x0000022247710000]
 total_blobs=18644 nmethods=17847 adapters=706
 compilation: enabled
              stopped_count=0, restarted_count=0
 full_count=0

Compilation events (20 events):
Event: 26767.221 Thread 0x0000022259ed5780 nmethod 26971 0x00000222505bbd10 code [0x00000222505bbea0, 0x00000222505bbf78]
Event: 26767.225 Thread 0x0000022259ed5780 26973       3       java.io.Bits::putInt (36 bytes)
Event: 26767.226 Thread 0x0000022259ed5780 nmethod 26973 0x00000222490a6b90 code [0x00000222490a6d20, 0x00000222490a6eb8]
Event: 26767.226 Thread 0x0000022259ed5780 26974       3       java.io.ObjectOutputStream$BlockDataOutputStream::drain (45 bytes)
Event: 26767.227 Thread 0x0000022259ed5780 nmethod 26974 0x0000022248f76510 code [0x0000022248f766c0, 0x0000022248f76998]
Event: 26767.239 Thread 0x0000022259ed3cb0 nmethod 26970% 0x00000222505bc010 code [0x00000222505bc200, 0x00000222505bccf0]
Event: 28662.079 Thread 0x0000022259ed5780 26975       3       org.eclipse.jdt.internal.core.JavaModel::equals (15 bytes)
Event: 28662.081 Thread 0x0000022259ed5780 nmethod 26975 0x0000022248861090 code [0x0000022248861240, 0x00000222488614c8]
Event: 28662.091 Thread 0x0000022259ed5780 26976       3       org.eclipse.core.internal.dtree.NoDataDeltaNode::compareWithParent (48 bytes)
Event: 28662.092 Thread 0x0000022259ed3cb0 26977       4       org.eclipse.core.internal.resources.Workspace::isTreeLocked (14 bytes)
Event: 28662.095 Thread 0x0000022259ed5780 nmethod 26976 0x0000022248919410 code [0x0000022248919600, 0x0000022248919b68]
Event: 28662.095 Thread 0x0000022259ed3cb0 nmethod 26977 0x00000222505bd410 code [0x00000222505bd580, 0x00000222505bd638]
Event: 28662.118 Thread 0x0000022259ed5780 26978       3       java.lang.ThreadGroup::checkAccess (14 bytes)
Event: 28662.124 Thread 0x0000022259ed5780 nmethod 26978 0x0000022248d8b710 code [0x0000022248d8b8e0, 0x0000022248d8bd68]
Event: 28662.263 Thread 0x0000022259ed3cb0 26979       4       org.eclipse.jdt.internal.compiler.ast.CompilationUnitDeclaration::isPackageInfo (11 bytes)
Event: 28662.283 Thread 0x0000022259ed3cb0 nmethod 26979 0x00000222505bd710 code [0x00000222505bd8a0, 0x00000222505bdeb8]
Event: 28662.450 Thread 0x0000022259ed5780 26980       3       org.eclipse.core.internal.events.BuildCommand::getArguments (33 bytes)
Event: 28662.451 Thread 0x0000022259ed5780 nmethod 26980 0x00000222484a7b90 code [0x00000222484a7d60, 0x00000222484a8128]
Event: 28662.497 Thread 0x0000022259ed5780 26981       3       org.eclipse.jdt.internal.corext.dom.Bindings::createName (137 bytes)
Event: 28662.502 Thread 0x0000022259ed5780 nmethod 26981 0x0000022248ab1810 code [0x0000022248ab1b40, 0x0000022248ab2e48]

GC Heap History (20 events):
Event: 26728.968 GC heap after
{Heap after GC invocations=10320 (full 224):
 PSYoungGen      total 3584K, used 1536K [0x00000000eab00000, 0x00000000eb480000, 0x0000000100000000)
  eden space 2048K, 0% used [0x00000000eab00000,0x00000000eab00000,0x00000000ead00000)
  from space 1536K, 100% used [0x00000000ead00000,0x00000000eae80000,0x00000000eae80000)
  to   space 3584K, 0% used [0x00000000eb100000,0x00000000eb100000,0x00000000eb480000)
 ParOldGen       total 126464K, used 106800K [0x00000000c0000000, 0x00000000c7b80000, 0x00000000eab00000)
  object space 126464K, 84% used [0x00000000c0000000,0x00000000c684c148,0x00000000c7b80000)
 Metaspace       used 88736K, committed 89792K, reserved 1130496K
  class space    used 8673K, committed 9152K, reserved 1048576K
}
Event: 26728.980 GC heap before
{Heap before GC invocations=10321 (full 224):
 PSYoungGen      total 3584K, used 3291K [0x00000000eab00000, 0x00000000eb480000, 0x0000000100000000)
  eden space 2048K, 85% used [0x00000000eab00000,0x00000000eacb6f60,0x00000000ead00000)
  from space 1536K, 100% used [0x00000000ead00000,0x00000000eae80000,0x00000000eae80000)
  to   space 3584K, 0% used [0x00000000eb100000,0x00000000eb100000,0x00000000eb480000)
 ParOldGen       total 126464K, used 106800K [0x00000000c0000000, 0x00000000c7b80000, 0x00000000eab00000)
  object space 126464K, 84% used [0x00000000c0000000,0x00000000c684c148,0x00000000c7b80000)
 Metaspace       used 88741K, committed 89792K, reserved 1130496K
  class space    used 8673K, committed 9152K, reserved 1048576K
}
Event: 26728.984 GC heap after
{Heap after GC invocations=10321 (full 224):
 PSYoungGen      total 4096K, used 1440K [0x00000000eab00000, 0x00000000eb280000, 0x0000000100000000)
  eden space 2560K, 0% used [0x00000000eab00000,0x00000000eab00000,0x00000000ead80000)
  from space 1536K, 93% used [0x00000000eb100000,0x00000000eb268000,0x00000000eb280000)
  to   space 2048K, 0% used [0x00000000eae80000,0x00000000eae80000,0x00000000eb080000)
 ParOldGen       total 126464K, used 108152K [0x00000000c0000000, 0x00000000c7b80000, 0x00000000eab00000)
  object space 126464K, 85% used [0x00000000c0000000,0x00000000c699e148,0x00000000c7b80000)
 Metaspace       used 88741K, committed 89792K, reserved 1130496K
  class space    used 8673K, committed 9152K, reserved 1048576K
}
Event: 26729.043 GC heap before
{Heap before GC invocations=10322 (full 224):
 PSYoungGen      total 4096K, used 4000K [0x00000000eab00000, 0x00000000eb280000, 0x0000000100000000)
  eden space 2560K, 100% used [0x00000000eab00000,0x00000000ead80000,0x00000000ead80000)
  from space 1536K, 93% used [0x00000000eb100000,0x00000000eb268000,0x00000000eb280000)
  to   space 2048K, 0% used [0x00000000eae80000,0x00000000eae80000,0x00000000eb080000)
 ParOldGen       total 126464K, used 108152K [0x00000000c0000000, 0x00000000c7b80000, 0x00000000eab00000)
  object space 126464K, 85% used [0x00000000c0000000,0x00000000c699e148,0x00000000c7b80000)
 Metaspace       used 88741K, committed 89792K, reserved 1130496K
  class space    used 8673K, committed 9152K, reserved 1048576K
}
Event: 26729.047 GC heap after
{Heap after GC invocations=10322 (full 224):
 PSYoungGen      total 5120K, used 2042K [0x00000000eab00000, 0x00000000eb500000, 0x0000000100000000)
  eden space 3072K, 0% used [0x00000000eab00000,0x00000000eab00000,0x00000000eae00000)
  from space 2048K, 99% used [0x00000000eae80000,0x00000000eb07eb30,0x00000000eb080000)
  to   space 3584K, 0% used [0x00000000eb180000,0x00000000eb180000,0x00000000eb500000)
 ParOldGen       total 126464K, used 109240K [0x00000000c0000000, 0x00000000c7b80000, 0x00000000eab00000)
  object space 126464K, 86% used [0x00000000c0000000,0x00000000c6aae148,0x00000000c7b80000)
 Metaspace       used 88741K, committed 89792K, reserved 1130496K
  class space    used 8673K, committed 9152K, reserved 1048576K
}
Event: 26729.055 GC heap before
{Heap before GC invocations=10323 (full 224):
 PSYoungGen      total 5120K, used 5114K [0x00000000eab00000, 0x00000000eb500000, 0x0000000100000000)
  eden space 3072K, 100% used [0x00000000eab00000,0x00000000eae00000,0x00000000eae00000)
  from space 2048K, 99% used [0x00000000eae80000,0x00000000eb07eb30,0x00000000eb080000)
  to   space 3584K, 0% used [0x00000000eb180000,0x00000000eb180000,0x00000000eb500000)
 ParOldGen       total 126464K, used 109240K [0x00000000c0000000, 0x00000000c7b80000, 0x00000000eab00000)
  object space 126464K, 86% used [0x00000000c0000000,0x00000000c6aae148,0x00000000c7b80000)
 Metaspace       used 88742K, committed 89792K, reserved 1130496K
  class space    used 8673K, committed 9152K, reserved 1048576K
}
Event: 26729.058 GC heap after
{Heap after GC invocations=10323 (full 224):
 PSYoungGen      total 6656K, used 2016K [0x00000000eab00000, 0x00000000eb400000, 0x0000000100000000)
  eden space 4096K, 0% used [0x00000000eab00000,0x00000000eab00000,0x00000000eaf00000)
  from space 2560K, 78% used [0x00000000eb180000,0x00000000eb378000,0x00000000eb400000)
  to   space 2560K, 0% used [0x00000000eaf00000,0x00000000eaf00000,0x00000000eb180000)
 ParOldGen       total 126464K, used 111472K [0x00000000c0000000, 0x00000000c7b80000, 0x00000000eab00000)
  object space 126464K, 88% used [0x00000000c0000000,0x00000000c6cdc260,0x00000000c7b80000)
 Metaspace       used 88742K, committed 89792K, reserved 1130496K
  class space    used 8673K, committed 9152K, reserved 1048576K
}
Event: 28302.744 GC heap before
{Heap before GC invocations=10324 (full 224):
 PSYoungGen      total 6656K, used 6112K [0x00000000eab00000, 0x00000000eb400000, 0x0000000100000000)
  eden space 4096K, 100% used [0x00000000eab00000,0x00000000eaf00000,0x00000000eaf00000)
  from space 2560K, 78% used [0x00000000eb180000,0x00000000eb378000,0x00000000eb400000)
  to   space 2560K, 0% used [0x00000000eaf00000,0x00000000eaf00000,0x00000000eb180000)
 ParOldGen       total 126464K, used 111472K [0x00000000c0000000, 0x00000000c7b80000, 0x00000000eab00000)
  object space 126464K, 88% used [0x00000000c0000000,0x00000000c6cdc260,0x00000000c7b80000)
 Metaspace       used 88746K, committed 89792K, reserved 1130496K
  class space    used 8674K, committed 9152K, reserved 1048576K
}
Event: 28302.779 GC heap after
{Heap after GC invocations=10324 (full 224):
 PSYoungGen      total 6656K, used 1264K [0x00000000eab00000, 0x00000000eb400000, 0x0000000100000000)
  eden space 4096K, 0% used [0x00000000eab00000,0x00000000eab00000,0x00000000eaf00000)
  from space 2560K, 49% used [0x00000000eaf00000,0x00000000eb03c000,0x00000000eb180000)
  to   space 2048K, 0% used [0x00000000eb200000,0x00000000eb200000,0x00000000eb400000)
 ParOldGen       total 126464K, used 113333K [0x00000000c0000000, 0x00000000c7b80000, 0x00000000eab00000)
  object space 126464K, 89% used [0x00000000c0000000,0x00000000c6ead700,0x00000000c7b80000)
 Metaspace       used 88746K, committed 89792K, reserved 1130496K
  class space    used 8674K, committed 9152K, reserved 1048576K
}
Event: 28662.211 GC heap before
{Heap before GC invocations=10325 (full 224):
 PSYoungGen      total 6656K, used 5360K [0x00000000eab00000, 0x00000000eb400000, 0x0000000100000000)
  eden space 4096K, 100% used [0x00000000eab00000,0x00000000eaf00000,0x00000000eaf00000)
  from space 2560K, 49% used [0x00000000eaf00000,0x00000000eb03c000,0x00000000eb180000)
  to   space 2048K, 0% used [0x00000000eb200000,0x00000000eb200000,0x00000000eb400000)
 ParOldGen       total 126464K, used 113333K [0x00000000c0000000, 0x00000000c7b80000, 0x00000000eab00000)
  object space 126464K, 89% used [0x00000000c0000000,0x00000000c6ead700,0x00000000c7b80000)
 Metaspace       used 88747K, committed 89792K, reserved 1130496K
  class space    used 8674K, committed 9152K, reserved 1048576K
}
Event: 28662.218 GC heap after
{Heap after GC invocations=10325 (full 224):
 PSYoungGen      total 5120K, used 2041K [0x00000000eab00000, 0x00000000eb700000, 0x0000000100000000)
  eden space 3072K, 0% used [0x00000000eab00000,0x00000000eab00000,0x00000000eae00000)
  from space 2048K, 99% used [0x00000000eb200000,0x00000000eb3fe530,0x00000000eb400000)
  to   space 4096K, 0% used [0x00000000eae00000,0x00000000eae00000,0x00000000eb200000)
 ParOldGen       total 126464K, used 114661K [0x00000000c0000000, 0x00000000c7b80000, 0x00000000eab00000)
  object space 126464K, 90% used [0x00000000c0000000,0x00000000c6ff9700,0x00000000c7b80000)
 Metaspace       used 88747K, committed 89792K, reserved 1130496K
  class space    used 8674K, committed 9152K, reserved 1048576K
}
Event: 28662.237 GC heap before
{Heap before GC invocations=10326 (full 224):
 PSYoungGen      total 5120K, used 5113K [0x00000000eab00000, 0x00000000eb700000, 0x0000000100000000)
  eden space 3072K, 100% used [0x00000000eab00000,0x00000000eae00000,0x00000000eae00000)
  from space 2048K, 99% used [0x00000000eb200000,0x00000000eb3fe530,0x00000000eb400000)
  to   space 4096K, 0% used [0x00000000eae00000,0x00000000eae00000,0x00000000eb200000)
 ParOldGen       total 126464K, used 114661K [0x00000000c0000000, 0x00000000c7b80000, 0x00000000eab00000)
  object space 126464K, 90% used [0x00000000c0000000,0x00000000c6ff9700,0x00000000c7b80000)
 Metaspace       used 88747K, committed 89792K, reserved 1130496K
  class space    used 8674K, committed 9152K, reserved 1048576K
}
Event: 28662.250 GC heap after
{Heap after GC invocations=10326 (full 224):
 PSYoungGen      total 7168K, used 3200K [0x00000000eab00000, 0x00000000eb600000, 0x0000000100000000)
  eden space 3072K, 0% used [0x00000000eab00000,0x00000000eab00000,0x00000000eae00000)
  from space 4096K, 78% used [0x00000000eae00000,0x00000000eb120000,0x00000000eb200000)
  to   space 3584K, 0% used [0x00000000eb280000,0x00000000eb280000,0x00000000eb600000)
 ParOldGen       total 126464K, used 116748K [0x00000000c0000000, 0x00000000c7b80000, 0x00000000eab00000)
  object space 126464K, 92% used [0x00000000c0000000,0x00000000c72030d0,0x00000000c7b80000)
 Metaspace       used 88747K, committed 89792K, reserved 1130496K
  class space    used 8674K, committed 9152K, reserved 1048576K
}
Event: 28662.266 GC heap before
{Heap before GC invocations=10327 (full 224):
 PSYoungGen      total 7168K, used 6272K [0x00000000eab00000, 0x00000000eb600000, 0x0000000100000000)
  eden space 3072K, 100% used [0x00000000eab00000,0x00000000eae00000,0x00000000eae00000)
  from space 4096K, 78% used [0x00000000eae00000,0x00000000eb120000,0x00000000eb200000)
  to   space 3584K, 0% used [0x00000000eb280000,0x00000000eb280000,0x00000000eb600000)
 ParOldGen       total 126464K, used 116748K [0x00000000c0000000, 0x00000000c7b80000, 0x00000000eab00000)
  object space 126464K, 92% used [0x00000000c0000000,0x00000000c72030d0,0x00000000c7b80000)
 Metaspace       used 88747K, committed 89792K, reserved 1130496K
  class space    used 8674K, committed 9152K, reserved 1048576K
}
Event: 28662.281 GC heap after
{Heap after GC invocations=10327 (full 224):
 PSYoungGen      total 7168K, used 2800K [0x00000000eab00000, 0x00000000eb580000, 0x0000000100000000)
  eden space 4096K, 0% used [0x00000000eab00000,0x00000000eab00000,0x00000000eaf00000)
  from space 3072K, 91% used [0x00000000eb280000,0x00000000eb53c000,0x00000000eb580000)
  to   space 3072K, 0% used [0x00000000eaf80000,0x00000000eaf80000,0x00000000eb280000)
 ParOldGen       total 126464K, used 119844K [0x00000000c0000000, 0x00000000c7b80000, 0x00000000eab00000)
  object space 126464K, 94% used [0x00000000c0000000,0x00000000c75090d0,0x00000000c7b80000)
 Metaspace       used 88747K, committed 89792K, reserved 1130496K
  class space    used 8674K, committed 9152K, reserved 1048576K
}
Event: 28662.355 GC heap before
{Heap before GC invocations=10328 (full 224):
 PSYoungGen      total 7168K, used 6896K [0x00000000eab00000, 0x00000000eb580000, 0x0000000100000000)
  eden space 4096K, 100% used [0x00000000eab00000,0x00000000eaf00000,0x00000000eaf00000)
  from space 3072K, 91% used [0x00000000eb280000,0x00000000eb53c000,0x00000000eb580000)
  to   space 3072K, 0% used [0x00000000eaf80000,0x00000000eaf80000,0x00000000eb280000)
 ParOldGen       total 126464K, used 119844K [0x00000000c0000000, 0x00000000c7b80000, 0x00000000eab00000)
  object space 126464K, 94% used [0x00000000c0000000,0x00000000c75090d0,0x00000000c7b80000)
 Metaspace       used 88747K, committed 89792K, reserved 1130496K
  class space    used 8674K, committed 9152K, reserved 1048576K
}
Event: 28662.367 GC heap after
{Heap after GC invocations=10328 (full 224):
 PSYoungGen      total 7680K, used 3066K [0x00000000eab00000, 0x00000000ebc00000, 0x0000000100000000)
  eden space 4608K, 0% used [0x00000000eab00000,0x00000000eab00000,0x00000000eaf80000)
  from space 3072K, 99% used [0x00000000eaf80000,0x00000000eb27eb30,0x00000000eb280000)
  to   space 6144K, 0% used [0x00000000eb600000,0x00000000eb600000,0x00000000ebc00000)
 ParOldGen       total 126464K, used 122308K [0x00000000c0000000, 0x00000000c7b80000, 0x00000000eab00000)
  object space 126464K, 96% used [0x00000000c0000000,0x00000000c77710f0,0x00000000c7b80000)
 Metaspace       used 88747K, committed 89792K, reserved 1130496K
  class space    used 8674K, committed 9152K, reserved 1048576K
}
Event: 28662.647 GC heap before
{Heap before GC invocations=10329 (full 224):
 PSYoungGen      total 7680K, used 7674K [0x00000000eab00000, 0x00000000ebc00000, 0x0000000100000000)
  eden space 4608K, 100% used [0x00000000eab00000,0x00000000eaf80000,0x00000000eaf80000)
  from space 3072K, 99% used [0x00000000eaf80000,0x00000000eb27eb30,0x00000000eb280000)
  to   space 6144K, 0% used [0x00000000eb600000,0x00000000eb600000,0x00000000ebc00000)
 ParOldGen       total 126464K, used 122308K [0x00000000c0000000, 0x00000000c7b80000, 0x00000000eab00000)
  object space 126464K, 96% used [0x00000000c0000000,0x00000000c77710f0,0x00000000c7b80000)
 Metaspace       used 88749K, committed 89792K, reserved 1130496K
  class space    used 8674K, committed 9152K, reserved 1048576K
}
Event: 28662.656 GC heap after
{Heap after GC invocations=10329 (full 224):
 PSYoungGen      total 7680K, used 2976K [0x00000000eab00000, 0x00000000eb900000, 0x0000000100000000)
  eden space 4608K, 0% used [0x00000000eab00000,0x00000000eab00000,0x00000000eaf80000)
  from space 3072K, 96% used [0x00000000eb600000,0x00000000eb8e8010,0x00000000eb900000)
  to   space 4096K, 0% used [0x00000000eb100000,0x00000000eb100000,0x00000000eb500000)
 ParOldGen       total 126464K, used 125431K [0x00000000c0000000, 0x00000000c7b80000, 0x00000000eab00000)
  object space 126464K, 99% used [0x00000000c0000000,0x00000000c7a7dc20,0x00000000c7b80000)
 Metaspace       used 88749K, committed 89792K, reserved 1130496K
  class space    used 8674K, committed 9152K, reserved 1048576K
}
Event: 28662.656 GC heap before
{Heap before GC invocations=10330 (full 225):
 PSYoungGen      total 7680K, used 2976K [0x00000000eab00000, 0x00000000eb900000, 0x0000000100000000)
  eden space 4608K, 0% used [0x00000000eab00000,0x00000000eab00000,0x00000000eaf80000)
  from space 3072K, 96% used [0x00000000eb600000,0x00000000eb8e8010,0x00000000eb900000)
  to   space 4096K, 0% used [0x00000000eb100000,0x00000000eb100000,0x00000000eb500000)
 ParOldGen       total 126464K, used 125431K [0x00000000c0000000, 0x00000000c7b80000, 0x00000000eab00000)
  object space 126464K, 99% used [0x00000000c0000000,0x00000000c7a7dc20,0x00000000c7b80000)
 Metaspace       used 88749K, committed 89792K, reserved 1130496K
  class space    used 8674K, committed 9152K, reserved 1048576K
}

Dll operation events (11 events):
Event: 0.012 Loaded shared library c:\Users\RahulAnup\.vscode\extensions\redhat.java-1.13.0-win32-x64\jre\17.0.5-win32-x86_64\bin\java.dll
Event: 0.181 Loaded shared library c:\Users\RahulAnup\.vscode\extensions\redhat.java-1.13.0-win32-x64\jre\17.0.5-win32-x86_64\bin\zip.dll
Event: 0.185 Loaded shared library C:\Users\RahulAnup\.vscode\extensions\redhat.java-1.13.0-win32-x64\jre\17.0.5-win32-x86_64\bin\instrument.dll
Event: 0.199 Loaded shared library C:\Users\RahulAnup\.vscode\extensions\redhat.java-1.13.0-win32-x64\jre\17.0.5-win32-x86_64\bin\net.dll
Event: 0.203 Loaded shared library C:\Users\RahulAnup\.vscode\extensions\redhat.java-1.13.0-win32-x64\jre\17.0.5-win32-x86_64\bin\nio.dll
Event: 0.211 Loaded shared library C:\Users\RahulAnup\.vscode\extensions\redhat.java-1.13.0-win32-x64\jre\17.0.5-win32-x86_64\bin\zip.dll
Event: 0.227 Loaded shared library C:\Users\RahulAnup\.vscode\extensions\redhat.java-1.13.0-win32-x64\jre\17.0.5-win32-x86_64\bin\jimage.dll
Event: 0.288 Loaded shared library c:\Users\RahulAnup\.vscode\extensions\redhat.java-1.13.0-win32-x64\jre\17.0.5-win32-x86_64\bin\verify.dll
Event: 4.546 Loaded shared library C:\Users\RahulAnup\AppData\Roaming\Code\User\globalStorage\redhat.java\1.13.0\config_win\org.eclipse.equinox.launcher\org.eclipse.equinox.launcher.win32.win32.x86_64_1.2.600.v20220720-1916\eclipse_11700.dll
Event: 8.022 Loaded shared library C:\Users\RahulAnup\AppData\Local\Temp\jna-628999160\jna2156770609568933649.dll
Event: 1012.868 Loaded shared library C:\Users\RahulAnup\.vscode\extensions\redhat.java-1.13.0-win32-x64\jre\17.0.5-win32-x86_64\bin\sunmscapi.dll

Deoptimization events (20 events):
Event: 26698.175 Thread 0x000002225cf34420 DEOPT PACKING pc=0x000002224ff84a98 sp=0x000000edddefe300
Event: 26698.175 Thread 0x000002225cf34420 DEOPT UNPACKING pc=0x00000222471c20a3 sp=0x000000edddefe2c0 mode 2
Event: 26698.175 Thread 0x000002225cf34420 Uncommon trap: trap_request=0xfffffff4 fr.pc=0x000002225048e264 relative=0x00000000000085e4
Event: 26698.175 Thread 0x000002225cf34420 Uncommon trap: reason=null_check action=make_not_entrant pc=0x000002225048e264 method=org.eclipse.core.internal.events.ResourceDeltaFactory.createDelta(Lorg/eclipse/core/internal/resources/Workspace;Lorg/eclipse/core/internal/dtree/DeltaDataTree;Lorg/ecli
Event: 26698.175 Thread 0x000002225cf34420 DEOPT PACKING pc=0x000002225048e264 sp=0x000000edddefe4b0
Event: 26698.175 Thread 0x000002225cf34420 DEOPT UNPACKING pc=0x00000222471c20a3 sp=0x000000edddefe430 mode 2
Event: 26698.175 Thread 0x000002225cf34420 Uncommon trap: trap_request=0xffffff45 fr.pc=0x000002224fae4b30 relative=0x00000000000003b0
Event: 26698.175 Thread 0x000002225cf34420 Uncommon trap: reason=unstable_if action=reinterpret pc=0x000002224fae4b30 method=org.eclipse.core.internal.events.ResourceDeltaFactory.computeNodeIDMap(Lorg/eclipse/core/internal/events/ResourceDelta;Lorg/eclipse/core/internal/events/NodeIDMap;)Lorg/ecli
Event: 26698.175 Thread 0x000002225cf34420 DEOPT PACKING pc=0x000002224fae4b30 sp=0x000000edddefe670
Event: 26698.175 Thread 0x000002225cf34420 DEOPT UNPACKING pc=0x00000222471c20a3 sp=0x000000edddefe5e8 mode 2
Event: 26698.319 Thread 0x000002225ef50110 Uncommon trap: trap_request=0xffffffde fr.pc=0x000002224ff84a98 relative=0x0000000000001e58
Event: 26698.319 Thread 0x000002225ef50110 Uncommon trap: reason=class_check action=maybe_recompile pc=0x000002224ff84a98 method=org.eclipse.core.internal.dtree.AbstractDataTreeNode.assembleWith([Lorg/eclipse/core/internal/dtree/AbstractDataTreeNode;[Lorg/eclipse/core/internal/dtree/AbstractDataTr
Event: 26698.319 Thread 0x000002225ef50110 DEOPT PACKING pc=0x000002224ff84a98 sp=0x000000eddd9fe490
Event: 26698.319 Thread 0x000002225ef50110 DEOPT UNPACKING pc=0x00000222471c20a3 sp=0x000000eddd9fe450 mode 2
Event: 26718.386 Thread 0x000002225b5f8aa0 DEOPT PACKING pc=0x000002224940efa3 sp=0x000000eddc1fea30
Event: 26718.386 Thread 0x000002225b5f8aa0 DEOPT UNPACKING pc=0x00000222471c2843 sp=0x000000eddc1fdf40 mode 0
Event: 26727.349 Thread 0x000002225b5f4c10 Uncommon trap: trap_request=0xffffffde fr.pc=0x000002224eee9e74 relative=0x00000000000000d4
Event: 26727.349 Thread 0x000002225b5f4c10 Uncommon trap: reason=class_check action=maybe_recompile pc=0x000002224eee9e74 method=org.eclipse.jdt.internal.compiler.parser.Parser.consumeImportDeclaration()V @ 9 c2
Event: 26727.349 Thread 0x000002225b5f4c10 DEOPT PACKING pc=0x000002224eee9e74 sp=0x000000eddc2fe9e0
Event: 26727.349 Thread 0x000002225b5f4c10 DEOPT UNPACKING pc=0x00000222471c20a3 sp=0x000000eddc2fe970 mode 2

Classes unloaded (20 events):
Event: 2279.489 Thread 0x0000022259ea2170 Unloading class 0x00000001008d9c00 'java/lang/invoke/LambdaForm$MH+0x00000001008d9c00'
Event: 2279.489 Thread 0x0000022259ea2170 Unloading class 0x00000001008d9800 'java/lang/invoke/LambdaForm$MH+0x00000001008d9800'
Event: 2279.489 Thread 0x0000022259ea2170 Unloading class 0x00000001008d9400 'java/lang/invoke/LambdaForm$MH+0x00000001008d9400'
Event: 2279.489 Thread 0x0000022259ea2170 Unloading class 0x00000001008d9000 'java/lang/invoke/LambdaForm$MH+0x00000001008d9000'
Event: 2279.489 Thread 0x0000022259ea2170 Unloading class 0x00000001008d8c00 'java/lang/invoke/LambdaForm$MH+0x00000001008d8c00'
Event: 2279.489 Thread 0x0000022259ea2170 Unloading class 0x00000001008d8800 'java/lang/invoke/LambdaForm$MH+0x00000001008d8800'
Event: 2279.489 Thread 0x0000022259ea2170 Unloading class 0x0000000100830000 'java/lang/invoke/LambdaForm$MH+0x0000000100830000'
Event: 2279.489 Thread 0x0000022259ea2170 Unloading class 0x0000000100829c00 'java/lang/invoke/LambdaForm$MH+0x0000000100829c00'
Event: 2279.489 Thread 0x0000022259ea2170 Unloading class 0x0000000100829400 'java/lang/invoke/LambdaForm$MH+0x0000000100829400'
Event: 6563.624 Thread 0x0000022259ea2170 Unloading class 0x00000001008dc000 'jdk/internal/reflect/GeneratedMethodAccessor33'
Event: 6563.624 Thread 0x0000022259ea2170 Unloading class 0x0000000100334400 'jdk/internal/reflect/GeneratedConstructorAccessor66'
Event: 6563.624 Thread 0x0000022259ea2170 Unloading class 0x000000010033a800 'jdk/internal/reflect/GeneratedConstructorAccessor64'
Event: 6563.624 Thread 0x0000022259ea2170 Unloading class 0x00000001008de800 'jdk/internal/reflect/GeneratedSerializationConstructorAccessor6'
Event: 6563.624 Thread 0x0000022259ea2170 Unloading class 0x00000001008de400 'jdk/internal/reflect/GeneratedSerializationConstructorAccessor5'
Event: 6563.624 Thread 0x0000022259ea2170 Unloading class 0x00000001008de000 'jdk/internal/reflect/GeneratedSerializationConstructorAccessor4'
Event: 25332.730 Thread 0x0000022259ea2170 Unloading class 0x0000000100830000 'jdk/internal/reflect/GeneratedSerializationConstructorAccessor9'
Event: 25332.730 Thread 0x0000022259ea2170 Unloading class 0x00000001008de800 'jdk/internal/reflect/GeneratedSerializationConstructorAccessor8'
Event: 25332.730 Thread 0x0000022259ea2170 Unloading class 0x000000010033a800 'jdk/internal/reflect/GeneratedSerializationConstructorAccessor7'
Event: 25332.730 Thread 0x0000022259ea2170 Unloading class 0x0000000100775400 'jdk/internal/reflect/GeneratedConstructorAccessor43'
Event: 25332.730 Thread 0x0000022259ea2170 Unloading class 0x0000000100775000 'jdk/internal/reflect/GeneratedConstructorAccessor42'

Classes redefined (0 events):
No events

Internal exceptions (20 events):
Event: 26698.987 Thread 0x000002225b5f8aa0 Exception <a 'java/lang/ClassNotFoundException'{0x00000000eae0fe50}: sun/net/www/protocol/jdt/Handler> (0x00000000eae0fe50) 
thrown [s\src\hotspot\share\classfile\systemDictionary.cpp, line 256]
Event: 26698.987 Thread 0x000002225b5f8aa0 Exception <a 'java/lang/ClassNotFoundException'{0x00000000eae122e8}: sun/net/www/protocol/jdt/Handler> (0x00000000eae122e8) 
thrown [s\src\hotspot\share\classfile\systemDictionary.cpp, line 256]
Event: 26698.987 Thread 0x000002225b5f8aa0 Exception <a 'java/lang/ClassNotFoundException'{0x00000000eae147a8}: sun/net/www/protocol/jdt/Handler> (0x00000000eae147a8) 
thrown [s\src\hotspot\share\classfile\systemDictionary.cpp, line 256]
Event: 26727.443 Thread 0x000002225b5f4c10 Exception <a 'java/lang/ClassNotFoundException'{0x00000000eabc68a0}: sun/net/www/protocol/jdt/Handler> (0x00000000eabc68a0) 
thrown [s\src\hotspot\share\classfile\systemDictionary.cpp, line 256]
Event: 26727.443 Thread 0x000002225b5f4c10 Exception <a 'java/lang/ClassNotFoundException'{0x00000000eabc9030}: sun/net/www/protocol/jdt/Handler> (0x00000000eabc9030) 
thrown [s\src\hotspot\share\classfile\systemDictionary.cpp, line 256]
Event: 26727.443 Thread 0x000002225b5f4c10 Exception <a 'java/lang/ClassNotFoundException'{0x00000000eabcb820}: sun/net/www/protocol/jdt/Handler> (0x00000000eabcb820) 
thrown [s\src\hotspot\share\classfile\systemDictionary.cpp, line 256]
Event: 26727.443 Thread 0x000002225b5f4c10 Exception <a 'java/lang/ClassNotFoundException'{0x00000000eabce038}: sun/net/www/protocol/jdt/Handler> (0x00000000eabce038) 
thrown [s\src\hotspot\share\classfile\systemDictionary.cpp, line 256]
Event: 26727.443 Thread 0x000002225b5f4c10 Exception <a 'java/lang/ClassNotFoundException'{0x00000000eabd0be8}: sun/net/www/protocol/jdt/Handler> (0x00000000eabd0be8) 
thrown [s\src\hotspot\share\classfile\systemDictionary.cpp, line 256]
Event: 26727.443 Thread 0x000002225b5f4c10 Exception <a 'java/lang/ClassNotFoundException'{0x00000000eabd3360}: sun/net/www/protocol/jdt/Handler> (0x00000000eabd3360) 
thrown [s\src\hotspot\share\classfile\systemDictionary.cpp, line 256]
Event: 26727.444 Thread 0x000002225b5f4c10 Exception <a 'java/lang/ClassNotFoundException'{0x00000000eabd5820}: sun/net/www/protocol/jdt/Handler> (0x00000000eabd5820) 
thrown [s\src\hotspot\share\classfile\systemDictionary.cpp, line 256]
Event: 26727.444 Thread 0x000002225b5f4c10 Exception <a 'java/lang/ClassNotFoundException'{0x00000000eabd85f0}: sun/net/www/protocol/jdt/Handler> (0x00000000eabd85f0) 
thrown [s\src\hotspot\share\classfile\systemDictionary.cpp, line 256]
Event: 26727.444 Thread 0x000002225b5f4c10 Exception <a 'java/lang/ClassNotFoundException'{0x00000000eabdaa88}: sun/net/www/protocol/jdt/Handler> (0x00000000eabdaa88) 
thrown [s\src\hotspot\share\classfile\systemDictionary.cpp, line 256]
Event: 26727.444 Thread 0x000002225b5f4c10 Exception <a 'java/lang/ClassNotFoundException'{0x00000000eabdcf48}: sun/net/www/protocol/jdt/Handler> (0x00000000eabdcf48) 
thrown [s\src\hotspot\share\classfile\systemDictionary.cpp, line 256]
Event: 26728.738 Thread 0x000002225cf2df10 Exception <a 'sun/nio/fs/WindowsException'{0x00000000ead6ad88}> (0x00000000ead6ad88) 
thrown [s\src\hotspot\share\prims\jni.cpp, line 516]
Event: 26729.100 Thread 0x000002225cf2df10 Exception <a 'sun/nio/fs/WindowsException'{0x00000000eacb73e8}> (0x00000000eacb73e8) 
thrown [s\src\hotspot\share\prims\jni.cpp, line 516]
Event: 26730.137 Thread 0x000002225ef53130 Exception <a 'sun/nio/fs/WindowsException'{0x00000000ead7ed60}> (0x00000000ead7ed60) 
thrown [s\src\hotspot\share\prims\jni.cpp, line 516]
Event: 26730.139 Thread 0x000002225ef53130 Exception <a 'sun/nio/fs/WindowsException'{0x00000000ead83c10}> (0x00000000ead83c10) 
thrown [s\src\hotspot\share\prims\jni.cpp, line 516]
Event: 26730.142 Thread 0x000002225ef53130 Exception <a 'sun/nio/fs/WindowsException'{0x00000000ead88418}> (0x00000000ead88418) 
thrown [s\src\hotspot\share\prims\jni.cpp, line 516]
Event: 28662.179 Thread 0x000002225cf2df10 Exception <a 'sun/nio/fs/WindowsException'{0x00000000eacda1a8}> (0x00000000eacda1a8) 
thrown [s\src\hotspot\share\prims\jni.cpp, line 516]
Event: 28662.414 Thread 0x000002225cf2df10 Exception <a 'sun/nio/fs/WindowsException'{0x00000000ead9ba48}> (0x00000000ead9ba48) 
thrown [s\src\hotspot\share\prims\jni.cpp, line 516]

VM Operations (20 events):
Event: 26728.968 Executing VM operation: ParallelGCFailedAllocation done
Event: 26728.980 Executing VM operation: ParallelGCFailedAllocation
Event: 26728.984 Executing VM operation: ParallelGCFailedAllocation done
Event: 26729.043 Executing VM operation: ParallelGCFailedAllocation
Event: 26729.047 Executing VM operation: ParallelGCFailedAllocation done
Event: 26729.054 Executing VM operation: ParallelGCFailedAllocation
Event: 26729.058 Executing VM operation: ParallelGCFailedAllocation done
Event: 26767.314 Executing VM operation: Cleanup
Event: 26767.314 Executing VM operation: Cleanup done
Event: 28302.705 Executing VM operation: ParallelGCFailedAllocation
Event: 28302.779 Executing VM operation: ParallelGCFailedAllocation done
Event: 28662.211 Executing VM operation: ParallelGCFailedAllocation
Event: 28662.218 Executing VM operation: ParallelGCFailedAllocation done
Event: 28662.237 Executing VM operation: ParallelGCFailedAllocation
Event: 28662.250 Executing VM operation: ParallelGCFailedAllocation done
Event: 28662.266 Executing VM operation: ParallelGCFailedAllocation
Event: 28662.281 Executing VM operation: ParallelGCFailedAllocation done
Event: 28662.355 Executing VM operation: ParallelGCFailedAllocation
Event: 28662.367 Executing VM operation: ParallelGCFailedAllocation done
Event: 28662.647 Executing VM operation: ParallelGCFailedAllocation

Events (20 events):
Event: 26789.887 Thread 0x000002225b5f4c10 Thread exited: 0x000002225b5f4c10
Event: 26827.356 Thread 0x000002225ef50110 Thread exited: 0x000002225ef50110
Event: 26849.890 Thread 0x000002225b5f8aa0 Thread exited: 0x000002225b5f8aa0
Event: 26909.900 Thread 0x000002225cf2ed80 Thread exited: 0x000002225cf2ed80
Event: 26969.944 Thread 0x000002225cf318d0 Thread exited: 0x000002225cf318d0
Event: 27029.989 Thread 0x000002225b5f3400 Thread exited: 0x000002225b5f3400
Event: 27089.993 Thread 0x000002225cf30f30 Thread exited: 0x000002225cf30f30
Event: 27150.002 Thread 0x000002225cf30a60 Thread exited: 0x000002225cf30a60
Event: 27210.013 Thread 0x000002225cf335b0 Thread exited: 0x000002225cf335b0
Event: 27270.022 Thread 0x000002225cf2e8b0 Thread exited: 0x000002225cf2e8b0
Event: 27330.024 Thread 0x000002225cf32270 Thread exited: 0x000002225cf32270
Event: 27390.035 Thread 0x000002225cf2f720 Thread exited: 0x000002225cf2f720
Event: 28662.104 Thread 0x0000022260956a70 Thread added: 0x0000022260956a70
Event: 28662.117 Thread 0x0000022260957db0 Thread added: 0x0000022260957db0
Event: 28662.118 Thread 0x0000022260959f60 Thread added: 0x0000022260959f60
Event: 28662.119 Thread 0x0000022260953a50 Thread added: 0x0000022260953a50
Event: 28662.122 Thread 0x0000022260955260 Thread added: 0x0000022260955260
Event: 28662.282 Thread 0x0000022260954d90 Thread added: 0x0000022260954d90
Event: 28662.286 Thread 0x0000022260954d90 Thread exited: 0x0000022260954d90
Event: 28662.482 Thread 0x0000022260954d90 Thread added: 0x0000022260954d90


Dynamic libraries:
0x00007ff67c3d0000 - 0x00007ff67c3de000 	c:\Users\RahulAnup\.vscode\extensions\redhat.java-1.13.0-win32-x64\jre\17.0.5-win32-x86_64\bin\java.exe
0x00007ff933b80000 - 0x00007ff933d89000 	C:\Windows\SYSTEM32\ntdll.dll
0x00007ff931d70000 - 0x00007ff931e2e000 	C:\Windows\System32\KERNEL32.DLL
0x00007ff931680000 - 0x00007ff9319fb000 	C:\Windows\System32\KERNELBASE.dll
0x00007ff931470000 - 0x00007ff931581000 	C:\Windows\System32\ucrtbase.dll
0x00007ff92dd00000 - 0x00007ff92dd17000 	c:\Users\RahulAnup\.vscode\extensions\redhat.java-1.13.0-win32-x64\jre\17.0.5-win32-x86_64\bin\jli.dll
0x00007ff921a60000 - 0x00007ff921a79000 	c:\Users\RahulAnup\.vscode\extensions\redhat.java-1.13.0-win32-x64\jre\17.0.5-win32-x86_64\bin\VCRUNTIME140.dll
0x00007ff9328a0000 - 0x00007ff932a4d000 	C:\Windows\System32\USER32.dll
0x00007ff931590000 - 0x00007ff9315b6000 	C:\Windows\System32\win32u.dll
0x00007ff932750000 - 0x00007ff932779000 	C:\Windows\System32\GDI32.dll
0x00007ff9310c0000 - 0x00007ff9311d8000 	C:\Windows\System32\gdi32full.dll
0x00007ff931350000 - 0x00007ff9313ed000 	C:\Windows\System32\msvcp_win.dll
0x00007ff922a40000 - 0x00007ff922ce5000 	C:\Windows\WinSxS\amd64_microsoft.windows.common-controls_6595b64144ccf1df_6.0.22000.120_none_9d947278b86cc467\COMCTL32.dll
0x00007ff932120000 - 0x00007ff9321c3000 	C:\Windows\System32\msvcrt.dll
0x00007ff933b00000 - 0x00007ff933b32000 	C:\Windows\System32\IMM32.DLL
0x00007ff92ddb0000 - 0x00007ff92ddbc000 	c:\Users\RahulAnup\.vscode\extensions\redhat.java-1.13.0-win32-x64\jre\17.0.5-win32-x86_64\bin\vcruntime140_1.dll
0x00007ff905a40000 - 0x00007ff905ad1000 	c:\Users\RahulAnup\.vscode\extensions\redhat.java-1.13.0-win32-x64\jre\17.0.5-win32-x86_64\bin\msvcp140.dll
0x00007ff8ebae0000 - 0x00007ff8ec724000 	c:\Users\RahulAnup\.vscode\extensions\redhat.java-1.13.0-win32-x64\jre\17.0.5-win32-x86_64\bin\server\jvm.dll
0x00007ff931e30000 - 0x00007ff931ede000 	C:\Windows\System32\ADVAPI32.dll
0x00007ff933780000 - 0x00007ff93381e000 	C:\Windows\System32\sechost.dll
0x00007ff931a00000 - 0x00007ff931b20000 	C:\Windows\System32\RPCRT4.dll
0x00007ff9283a0000 - 0x00007ff9283aa000 	C:\Windows\SYSTEM32\VERSION.dll
0x00007ff90f160000 - 0x00007ff90f169000 	C:\Windows\SYSTEM32\WSOCK32.dll
0x00007ff92de30000 - 0x00007ff92de63000 	C:\Windows\SYSTEM32\WINMM.dll
0x00007ff932780000 - 0x00007ff9327ef000 	C:\Windows\System32\WS2_32.dll
0x00007ff930140000 - 0x00007ff930158000 	C:\Windows\SYSTEM32\kernel.appcore.dll
0x00007ff92dd40000 - 0x00007ff92dd4a000 	c:\Users\RahulAnup\.vscode\extensions\redhat.java-1.13.0-win32-x64\jre\17.0.5-win32-x86_64\bin\jimage.dll
0x00007ff92ea10000 - 0x00007ff92ec31000 	C:\Windows\SYSTEM32\DBGHELP.DLL
0x00007ff92ddf0000 - 0x00007ff92de21000 	C:\Windows\SYSTEM32\dbgcore.DLL
0x00007ff9313f0000 - 0x00007ff93146f000 	C:\Windows\System32\bcryptPrimitives.dll
0x00007ff92adf0000 - 0x00007ff92adfe000 	c:\Users\RahulAnup\.vscode\extensions\redhat.java-1.13.0-win32-x64\jre\17.0.5-win32-x86_64\bin\instrument.dll
0x00007ff921890000 - 0x00007ff9218b5000 	c:\Users\RahulAnup\.vscode\extensions\redhat.java-1.13.0-win32-x64\jre\17.0.5-win32-x86_64\bin\java.dll
0x00007ff921870000 - 0x00007ff921888000 	c:\Users\RahulAnup\.vscode\extensions\redhat.java-1.13.0-win32-x64\jre\17.0.5-win32-x86_64\bin\zip.dll
0x00007ff932fc0000 - 0x00007ff933778000 	C:\Windows\System32\SHELL32.dll
0x00007ff92f140000 - 0x00007ff92f9a5000 	C:\Windows\SYSTEM32\windows.storage.dll
0x00007ff9323d0000 - 0x00007ff932748000 	C:\Windows\System32\combase.dll
0x00007ff92efd0000 - 0x00007ff92f136000 	C:\Windows\SYSTEM32\wintypes.dll
0x00007ff931b20000 - 0x00007ff931c0a000 	C:\Windows\System32\SHCORE.dll
0x00007ff9321d0000 - 0x00007ff93222d000 	C:\Windows\System32\shlwapi.dll
0x00007ff930f80000 - 0x00007ff930fa1000 	C:\Windows\SYSTEM32\profapi.dll
0x00007ff9210f0000 - 0x00007ff921109000 	C:\Users\RahulAnup\.vscode\extensions\redhat.java-1.13.0-win32-x64\jre\17.0.5-win32-x86_64\bin\net.dll
0x00007ff92b2e0000 - 0x00007ff92b3f4000 	C:\Windows\SYSTEM32\WINHTTP.dll
0x00007ff9305e0000 - 0x00007ff930647000 	C:\Windows\system32\mswsock.dll
0x00007ff91fd60000 - 0x00007ff91fd75000 	C:\Users\RahulAnup\.vscode\extensions\redhat.java-1.13.0-win32-x64\jre\17.0.5-win32-x86_64\bin\nio.dll
0x00007ff92ad90000 - 0x00007ff92ada0000 	c:\Users\RahulAnup\.vscode\extensions\redhat.java-1.13.0-win32-x64\jre\17.0.5-win32-x86_64\bin\verify.dll
0x00007ff904640000 - 0x00007ff90467e000 	C:\Users\RahulAnup\AppData\Roaming\Code\User\globalStorage\redhat.java\1.13.0\config_win\org.eclipse.equinox.launcher\org.eclipse.equinox.launcher.win32.win32.x86_64_1.2.600.v20220720-1916\eclipse_11700.dll
0x00007ff932230000 - 0x00007ff9323ca000 	C:\Windows\System32\ole32.dll
0x00007ff930850000 - 0x00007ff930868000 	C:\Windows\SYSTEM32\CRYPTSP.dll
0x00007ff9300a0000 - 0x00007ff9300d5000 	C:\Windows\system32\rsaenh.dll
0x00007ff9306e0000 - 0x00007ff930709000 	C:\Windows\SYSTEM32\USERENV.dll
0x00007ff930a30000 - 0x00007ff930a57000 	C:\Windows\SYSTEM32\bcrypt.dll
0x00007ff930870000 - 0x00007ff93087c000 	C:\Windows\SYSTEM32\CRYPTBASE.dll
0x00007ff92fc40000 - 0x00007ff92fc6d000 	C:\Windows\SYSTEM32\IPHLPAPI.DLL
0x00007ff931ee0000 - 0x00007ff931ee9000 	C:\Windows\System32\NSI.dll
0x00007ff92a570000 - 0x00007ff92a589000 	C:\Windows\SYSTEM32\dhcpcsvc6.DLL
0x00007ff92a8c0000 - 0x00007ff92a8de000 	C:\Windows\SYSTEM32\dhcpcsvc.DLL
0x00007ff92fc70000 - 0x00007ff92fd58000 	C:\Windows\SYSTEM32\DNSAPI.dll
0x00007ff8fb8b0000 - 0x00007ff8fb8f0000 	C:\Users\RahulAnup\AppData\Local\Temp\jna-628999160\jna2156770609568933649.dll
0x00007ff932050000 - 0x00007ff932058000 	C:\Windows\System32\PSAPI.DLL
0x00007ff921a80000 - 0x00007ff921a8e000 	C:\Users\RahulAnup\.vscode\extensions\redhat.java-1.13.0-win32-x64\jre\17.0.5-win32-x86_64\bin\sunmscapi.dll
0x00007ff9311e0000 - 0x00007ff931342000 	C:\Windows\System32\CRYPT32.dll
0x00007ff930a00000 - 0x00007ff930a28000 	C:\Windows\SYSTEM32\ncrypt.dll
0x00007ff9309c0000 - 0x00007ff9309f7000 	C:\Windows\SYSTEM32\NTASN1.dll
0x00007ff927bd0000 - 0x00007ff927bda000 	C:\Windows\System32\rasadhlp.dll
0x00007ff927be0000 - 0x00007ff927c61000 	C:\Windows\System32\fwpuclnt.dll

dbghelp: loaded successfully - version: 4.0.5 - missing functions: none
symbol engine: initialized successfully - sym options: 0x614 - pdb path: .;c:\Users\RahulAnup\.vscode\extensions\redhat.java-1.13.0-win32-x64\jre\17.0.5-win32-x86_64\bin;C:\Windows\SYSTEM32;C:\Windows\WinSxS\amd64_microsoft.windows.common-controls_6595b64144ccf1df_6.0.22000.120_none_9d947278b86cc467;c:\Users\RahulAnup\.vscode\extensions\redhat.java-1.13.0-win32-x64\jre\17.0.5-win32-x86_64\bin\server;C:\Users\RahulAnup\AppData\Roaming\Code\User\globalStorage\redhat.java\1.13.0\config_win\org.eclipse.equinox.launcher\org.eclipse.equinox.launcher.win32.win32.x86_64_1.2.600.v20220720-1916;C:\Users\RahulAnup\AppData\Local\Temp\jna-628999160

VM Arguments:
jvm_args: --add-modules=ALL-SYSTEM --add-opens=java.base/java.util=ALL-UNNAMED --add-opens=java.base/java.lang=ALL-UNNAMED --add-opens=java.base/sun.nio.fs=ALL-UNNAMED -Declipse.application=org.eclipse.jdt.ls.core.id1 -Dosgi.bundles.defaultStartLevel=4 -Declipse.product=org.eclipse.jdt.ls.core.product -Djava.import.generatesMetadataFilesAtProjectRoot=false -Dfile.encoding=utf8 -XX:+UseParallelGC -XX:GCTimeRatio=4 -XX:AdaptiveSizePolicyWeight=90 -Dsun.zip.disableMemoryMapping=true -Xmx1G -Xms100m -Xlog:disable -javaagent:c:\Users\RahulAnup\.vscode\extensions\redhat.java-1.13.0-win32-x64\lombok\lombok-1.18.24.jar -XX:+HeapDumpOnOutOfMemoryError -XX:HeapDumpPath=c:\Users\RahulAnup\AppData\Roaming\Code\User\workspaceStorage\482e8f2225675007849b6e7c03217328\redhat.java 
java_command: c:\Users\RahulAnup\.vscode\extensions\redhat.java-1.13.0-win32-x64\server\plugins\org.eclipse.equinox.launcher_1.6.400.v20210924-0641.jar -configuration c:\Users\RahulAnup\AppData\Roaming\Code\User\globalStorage\redhat.java\1.13.0\config_win -data c:\Users\RahulAnup\AppData\Roaming\Code\User\workspaceStorage\482e8f2225675007849b6e7c03217328\redhat.java\jdt_ws
java_class_path (initial): c:\Users\RahulAnup\.vscode\extensions\redhat.java-1.13.0-win32-x64\server\plugins\org.eclipse.equinox.launcher_1.6.400.v20210924-0641.jar
Launcher Type: SUN_STANDARD

[Global flags]
    uintx AdaptiveSizePolicyWeight                 = 90                                        {product} {command line}
     intx CICompilerCount                          = 4                                         {product} {ergonomic}
    uintx GCTimeRatio                              = 4                                         {product} {command line}
     bool HeapDumpOnOutOfMemoryError               = true                                   {manageable} {command line}
    ccstr HeapDumpPath                             = c:\Users\RahulAnup\AppData\Roaming\Code\User\workspaceStorage\482e8f2225675007849b6e7c03217328\redhat.java         {manageable} {command line}
   size_t InitialHeapSize                          = 104857600                                 {product} {command line}
   size_t MaxHeapSize                              = 1073741824                                {product} {command line}
   size_t MaxNewSize                               = 357564416                                 {product} {ergonomic}
   size_t MinHeapDeltaBytes                        = 524288                                    {product} {ergonomic}
   size_t MinHeapSize                              = 104857600                                 {product} {command line}
   size_t NewSize                                  = 34603008                                  {product} {ergonomic}
    uintx NonNMethodCodeHeapSize                   = 5839372                                {pd product} {ergonomic}
    uintx NonProfiledCodeHeapSize                  = 122909434                              {pd product} {ergonomic}
   size_t OldSize                                  = 70254592                                  {product} {ergonomic}
    uintx ProfiledCodeHeapSize                     = 122909434                              {pd product} {ergonomic}
    uintx ReservedCodeCacheSize                    = 251658240                              {pd product} {ergonomic}
     bool SegmentedCodeCache                       = true                                      {product} {ergonomic}
   size_t SoftMaxHeapSize                          = 1073741824                             {manageable} {ergonomic}
     bool UseCompressedClassPointers               = true                           {product lp64_product} {ergonomic}
     bool UseCompressedOops                        = true                           {product lp64_product} {ergonomic}
     bool UseLargePagesIndividualAllocation        = false                                  {pd product} {ergonomic}
     bool UseParallelGC                            = true                                      {product} {command line}

Logging:
Log output configuration:
 #0: stdout all=off uptime,level,tags
 #1: stderr all=off uptime,level,tags

Environment Variables:
PATH=C:\Python310\Scripts\;C:\Python310\;C:\Program Files\Common Files\Oracle\Java\javapath;C:\Program Files (x86)\VMware\VMware Player\bin\;C:\Windows\system32;C:\Windows;C:\Windows\System32\Wbem;C:\Windows\System32\WindowsPowerShell\v1.0\;C:\Windows\System32\OpenSSH\;C:\ProgramData\chocolatey\bin;C:\MinGW\bin;C:\Program Files\Git\cmd;C:\Program Files\Java\jdk-19\bin;C:\Program Files\nodejs\;C:\Users\RahulAnup\AppData\Local\Microsoft\WindowsApps;;C:\Users\RahulAnup\AppData\Local\Programs\Microsoft VS Code\bin;C:\Program Files\JetBrains\IntelliJ IDEA Community Edition 2022.2.3\bin;;C:\Users\RahulAnup\AppData\Roaming\npm
USERNAME=RahulAnup
OS=Windows_NT
PROCESSOR_IDENTIFIER=AMD64 Family 23 Model 104 Stepping 1, AuthenticAMD
TMP=C:\Users\RAHULA~1\AppData\Local\Temp
TEMP=C:\Users\RAHULA~1\AppData\Local\Temp



---------------  S Y S T E M  ---------------

OS:
 Windows 11 , 64 bit Build 22000 (10.0.22000.1219)
OS uptime: 13 days 22:25 hours

CPU: total 12 (initial active 12) (12 cores per cpu, 2 threads per core) family 23 model 104 stepping 1 microcode 0x0, cx8, cmov, fxsr, ht, mmx, 3dnowpref, sse, sse2, sse3, ssse3, sse4a, sse4.1, sse4.2, popcnt, lzcnt, tsc, tscinvbit, avx, avx2, aes, clmul, bmi1, bmi2, adx, sha, fma, vzeroupper, clflush, clflushopt

Memory: 4k page, system-wide physical 7514M (1680M free)
TotalPageFile size 15282M (AvailPageFile size 3171M)
current process WorkingSet (physical memory assigned to process): 180M, peak: 458M
current process commit charge ("private bytes"): 476M, peak: 493M

vm_info: OpenJDK 64-Bit Server VM (17.0.5+8) for windows-amd64 JRE (17.0.5+8), built on Oct 19 2022 04:48:13 by "temurin" with MS VC++ 16.7 (VS2019)

END.
